<?xml version="1.0" encoding="UTF-8"?>
<testsuite xmlns:xsi="http://www.w3.org/2001/XMLSchema-instance" xsi:noNamespaceSchemaLocation="https://maven.apache.org/surefire/maven-surefire-plugin/xsd/surefire-test-report.xsd" name="guru.sfg.brewery.web.model.BeerDtoPagedListTest" time="0.97" tests="1" errors="0" skipped="0" failures="0">
  <properties>
    <property name="sun.desktop" value="windows"/>
    <property name="awt.toolkit" value="sun.awt.windows.WToolkit"/>
    <property name="java.specification.version" value="11"/>
    <property name="sun.cpu.isalist" value="amd64"/>
    <property name="sun.jnu.encoding" value="Cp1252"/>
    <property name="java.class.path" value="D:\sfg-beer-work\sfg-beer-works\brewery\brewery-api-model\target\test-classes;D:\sfg-beer-work\sfg-beer-works\brewery\brewery-api-model\target\classes;C:\Users\simanta.sarma\.m2\repository\org\springframework\data\spring-data-commons\2.1.5.RELEASE\spring-data-commons-2.1.5.RELEASE.jar;C:\Users\simanta.sarma\.m2\repository\org\springframework\spring-core\5.1.5.RELEASE\spring-core-5.1.5.RELEASE.jar;C:\Users\simanta.sarma\.m2\repository\org\springframework\spring-jcl\5.1.5.RELEASE\spring-jcl-5.1.5.RELEASE.jar;C:\Users\simanta.sarma\.m2\repository\org\springframework\spring-beans\5.1.5.RELEASE\spring-beans-5.1.5.RELEASE.jar;C:\Users\simanta.sarma\.m2\repository\org\slf4j\slf4j-api\1.7.25\slf4j-api-1.7.25.jar;C:\Users\simanta.sarma\.m2\repository\javax\validation\validation-api\2.0.1.Final\validation-api-2.0.1.Final.jar;C:\Users\simanta.sarma\.m2\repository\com\fasterxml\jackson\core\jackson-annotations\2.9.8\jackson-annotations-2.9.8.jar;C:\Users\simanta.sarma\.m2\repository\org\projectlombok\lombok\1.18.6\lombok-1.18.6.jar;C:\Users\simanta.sarma\.m2\repository\javax\xml\bind\jaxb-api\2.3.0\jaxb-api-2.3.0.jar;C:\Users\simanta.sarma\.m2\repository\com\sun\xml\bind\jaxb-core\2.3.0\jaxb-core-2.3.0.jar;C:\Users\simanta.sarma\.m2\repository\com\sun\xml\bind\jaxb-impl\2.3.0\jaxb-impl-2.3.0.jar;C:\Users\simanta.sarma\.m2\repository\org\springframework\boot\spring-boot-starter-json\2.1.3.RELEASE\spring-boot-starter-json-2.1.3.RELEASE.jar;C:\Users\simanta.sarma\.m2\repository\org\springframework\boot\spring-boot-starter\2.1.3.RELEASE\spring-boot-starter-2.1.3.RELEASE.jar;C:\Users\simanta.sarma\.m2\repository\org\springframework\boot\spring-boot\2.1.3.RELEASE\spring-boot-2.1.3.RELEASE.jar;C:\Users\simanta.sarma\.m2\repository\org\springframework\spring-context\5.1.5.RELEASE\spring-context-5.1.5.RELEASE.jar;C:\Users\simanta.sarma\.m2\repository\org\springframework\spring-aop\5.1.5.RELEASE\spring-aop-5.1.5.RELEASE.jar;C:\Users\simanta.sarma\.m2\repository\org\springframework\spring-expression\5.1.5.RELEASE\spring-expression-5.1.5.RELEASE.jar;C:\Users\simanta.sarma\.m2\repository\org\springframework\boot\spring-boot-autoconfigure\2.1.3.RELEASE\spring-boot-autoconfigure-2.1.3.RELEASE.jar;C:\Users\simanta.sarma\.m2\repository\org\springframework\boot\spring-boot-starter-logging\2.1.3.RELEASE\spring-boot-starter-logging-2.1.3.RELEASE.jar;C:\Users\simanta.sarma\.m2\repository\ch\qos\logback\logback-classic\1.2.3\logback-classic-1.2.3.jar;C:\Users\simanta.sarma\.m2\repository\ch\qos\logback\logback-core\1.2.3\logback-core-1.2.3.jar;C:\Users\simanta.sarma\.m2\repository\org\apache\logging\log4j\log4j-to-slf4j\2.11.2\log4j-to-slf4j-2.11.2.jar;C:\Users\simanta.sarma\.m2\repository\org\apache\logging\log4j\log4j-api\2.11.2\log4j-api-2.11.2.jar;C:\Users\simanta.sarma\.m2\repository\org\slf4j\jul-to-slf4j\1.7.25\jul-to-slf4j-1.7.25.jar;C:\Users\simanta.sarma\.m2\repository\javax\annotation\javax.annotation-api\1.3.2\javax.annotation-api-1.3.2.jar;C:\Users\simanta.sarma\.m2\repository\org\yaml\snakeyaml\1.23\snakeyaml-1.23.jar;C:\Users\simanta.sarma\.m2\repository\org\springframework\spring-web\5.1.5.RELEASE\spring-web-5.1.5.RELEASE.jar;C:\Users\simanta.sarma\.m2\repository\com\fasterxml\jackson\core\jackson-databind\2.9.8\jackson-databind-2.9.8.jar;C:\Users\simanta.sarma\.m2\repository\com\fasterxml\jackson\core\jackson-core\2.9.8\jackson-core-2.9.8.jar;C:\Users\simanta.sarma\.m2\repository\com\fasterxml\jackson\datatype\jackson-datatype-jdk8\2.9.8\jackson-datatype-jdk8-2.9.8.jar;C:\Users\simanta.sarma\.m2\repository\com\fasterxml\jackson\datatype\jackson-datatype-jsr310\2.9.8\jackson-datatype-jsr310-2.9.8.jar;C:\Users\simanta.sarma\.m2\repository\com\fasterxml\jackson\module\jackson-module-parameter-names\2.9.8\jackson-module-parameter-names-2.9.8.jar;C:\Users\simanta.sarma\.m2\repository\org\springframework\boot\spring-boot-starter-test\2.1.3.RELEASE\spring-boot-starter-test-2.1.3.RELEASE.jar;C:\Users\simanta.sarma\.m2\repository\org\springframework\boot\spring-boot-test\2.1.3.RELEASE\spring-boot-test-2.1.3.RELEASE.jar;C:\Users\simanta.sarma\.m2\repository\org\springframework\boot\spring-boot-test-autoconfigure\2.1.3.RELEASE\spring-boot-test-autoconfigure-2.1.3.RELEASE.jar;C:\Users\simanta.sarma\.m2\repository\com\jayway\jsonpath\json-path\2.4.0\json-path-2.4.0.jar;C:\Users\simanta.sarma\.m2\repository\net\minidev\json-smart\2.3\json-smart-2.3.jar;C:\Users\simanta.sarma\.m2\repository\net\minidev\accessors-smart\1.2\accessors-smart-1.2.jar;C:\Users\simanta.sarma\.m2\repository\org\ow2\asm\asm\5.0.4\asm-5.0.4.jar;C:\Users\simanta.sarma\.m2\repository\org\assertj\assertj-core\3.11.1\assertj-core-3.11.1.jar;C:\Users\simanta.sarma\.m2\repository\org\mockito\mockito-core\2.23.4\mockito-core-2.23.4.jar;C:\Users\simanta.sarma\.m2\repository\net\bytebuddy\byte-buddy\1.9.10\byte-buddy-1.9.10.jar;C:\Users\simanta.sarma\.m2\repository\net\bytebuddy\byte-buddy-agent\1.9.10\byte-buddy-agent-1.9.10.jar;C:\Users\simanta.sarma\.m2\repository\org\objenesis\objenesis\2.6\objenesis-2.6.jar;C:\Users\simanta.sarma\.m2\repository\org\hamcrest\hamcrest-core\1.3\hamcrest-core-1.3.jar;C:\Users\simanta.sarma\.m2\repository\org\hamcrest\hamcrest-library\1.3\hamcrest-library-1.3.jar;C:\Users\simanta.sarma\.m2\repository\org\skyscreamer\jsonassert\1.5.0\jsonassert-1.5.0.jar;C:\Users\simanta.sarma\.m2\repository\com\vaadin\external\google\android-json\0.0.20131108.vaadin1\android-json-0.0.20131108.vaadin1.jar;C:\Users\simanta.sarma\.m2\repository\org\springframework\spring-test\5.1.5.RELEASE\spring-test-5.1.5.RELEASE.jar;C:\Users\simanta.sarma\.m2\repository\org\xmlunit\xmlunit-core\2.6.2\xmlunit-core-2.6.2.jar;C:\Users\simanta.sarma\.m2\repository\org\junit\jupiter\junit-jupiter-api\5.3.2\junit-jupiter-api-5.3.2.jar;C:\Users\simanta.sarma\.m2\repository\org\apiguardian\apiguardian-api\1.0.0\apiguardian-api-1.0.0.jar;C:\Users\simanta.sarma\.m2\repository\org\opentest4j\opentest4j\1.1.1\opentest4j-1.1.1.jar;C:\Users\simanta.sarma\.m2\repository\org\junit\platform\junit-platform-commons\1.3.2\junit-platform-commons-1.3.2.jar;C:\Users\simanta.sarma\.m2\repository\org\junit\jupiter\junit-jupiter-engine\5.3.2\junit-jupiter-engine-5.3.2.jar;C:\Users\simanta.sarma\.m2\repository\org\junit\platform\junit-platform-engine\1.3.2\junit-platform-engine-1.3.2.jar;C:\Users\simanta.sarma\.m2\repository\org\mockito\mockito-junit-jupiter\2.23.4\mockito-junit-jupiter-2.23.4.jar;C:\Users\simanta.sarma\.m2\repository\com\atlassian\oai\swagger-request-validator-core\2.2.2\swagger-request-validator-core-2.2.2.jar;C:\Users\simanta.sarma\.m2\repository\io\swagger\parser\v3\swagger-parser\2.0.5\swagger-parser-2.0.5.jar;C:\Users\simanta.sarma\.m2\repository\io\swagger\parser\v3\swagger-parser-v2-converter\2.0.5\swagger-parser-v2-converter-2.0.5.jar;C:\Users\simanta.sarma\.m2\repository\io\swagger\swagger-parser\1.0.39\swagger-parser-1.0.39.jar;C:\Users\simanta.sarma\.m2\repository\io\swagger\swagger-core\1.5.21\swagger-core-1.5.21.jar;C:\Users\simanta.sarma\.m2\repository\io\swagger\swagger-models\1.5.21\swagger-models-1.5.21.jar;C:\Users\simanta.sarma\.m2\repository\io\swagger\swagger-annotations\1.5.21\swagger-annotations-1.5.21.jar;C:\Users\simanta.sarma\.m2\repository\io\swagger\swagger-compat-spec-parser\1.0.39\swagger-compat-spec-parser-1.0.39.jar;C:\Users\simanta.sarma\.m2\repository\com\github\fge\json-patch\1.6\json-patch-1.6.jar;C:\Users\simanta.sarma\.m2\repository\org\apache\httpcomponents\httpclient\4.5.7\httpclient-4.5.7.jar;C:\Users\simanta.sarma\.m2\repository\org\apache\httpcomponents\httpcore\4.4.11\httpcore-4.4.11.jar;C:\Users\simanta.sarma\.m2\repository\commons-codec\commons-codec\1.11\commons-codec-1.11.jar;C:\Users\simanta.sarma\.m2\repository\io\swagger\core\v3\swagger-models\2.0.4\swagger-models-2.0.4.jar;C:\Users\simanta.sarma\.m2\repository\io\swagger\parser\v3\swagger-parser-core\2.0.5\swagger-parser-core-2.0.5.jar;C:\Users\simanta.sarma\.m2\repository\io\swagger\parser\v3\swagger-parser-v3\2.0.5\swagger-parser-v3-2.0.5.jar;C:\Users\simanta.sarma\.m2\repository\io\swagger\core\v3\swagger-core\2.0.5\swagger-core-2.0.5.jar;C:\Users\simanta.sarma\.m2\repository\org\apache\commons\commons-lang3\3.8.1\commons-lang3-3.8.1.jar;C:\Users\simanta.sarma\.m2\repository\io\swagger\core\v3\swagger-annotations\2.0.5\swagger-annotations-2.0.5.jar;C:\Users\simanta.sarma\.m2\repository\com\fasterxml\jackson\dataformat\jackson-dataformat-yaml\2.9.8\jackson-dataformat-yaml-2.9.8.jar;C:\Users\simanta.sarma\.m2\repository\org\slf4j\slf4j-ext\1.7.25\slf4j-ext-1.7.25.jar;C:\Users\simanta.sarma\.m2\repository\commons-io\commons-io\2.4\commons-io-2.4.jar;C:\Users\simanta.sarma\.m2\repository\com\github\java-json-tools\json-schema-validator\2.2.8\json-schema-validator-2.2.8.jar;C:\Users\simanta.sarma\.m2\repository\com\github\java-json-tools\json-schema-core\1.2.8\json-schema-core-1.2.8.jar;C:\Users\simanta.sarma\.m2\repository\org\mozilla\rhino\1.7R4\rhino-1.7R4.jar;C:\Users\simanta.sarma\.m2\repository\com\github\fge\jackson-coreutils\1.8\jackson-coreutils-1.8.jar;C:\Users\simanta.sarma\.m2\repository\com\github\fge\msg-simple\1.1\msg-simple-1.1.jar;C:\Users\simanta.sarma\.m2\repository\com\github\fge\btf\1.2\btf-1.2.jar;C:\Users\simanta.sarma\.m2\repository\com\github\fge\uri-template\0.9\uri-template-0.9.jar;C:\Users\simanta.sarma\.m2\repository\javax\mail\mailapi\1.4.3\mailapi-1.4.3.jar;C:\Users\simanta.sarma\.m2\repository\javax\activation\activation\1.1\activation-1.1.jar;C:\Users\simanta.sarma\.m2\repository\joda-time\joda-time\2.10.1\joda-time-2.10.1.jar;C:\Users\simanta.sarma\.m2\repository\com\googlecode\libphonenumber\libphonenumber\8.0.0\libphonenumber-8.0.0.jar;C:\Users\simanta.sarma\.m2\repository\net\sf\jopt-simple\jopt-simple\5.0.3\jopt-simple-5.0.3.jar;C:\Users\simanta.sarma\.m2\repository\com\google\guava\guava\23.0\guava-23.0.jar;C:\Users\simanta.sarma\.m2\repository\com\google\errorprone\error_prone_annotations\2.0.18\error_prone_annotations-2.0.18.jar;C:\Users\simanta.sarma\.m2\repository\com\google\j2objc\j2objc-annotations\1.1\j2objc-annotations-1.1.jar;C:\Users\simanta.sarma\.m2\repository\org\codehaus\mojo\animal-sniffer-annotations\1.14\animal-sniffer-annotations-1.14.jar;C:\Users\simanta.sarma\.m2\repository\com\google\code\findbugs\jsr305\3.0.2\jsr305-3.0.2.jar;C:\Users\simanta.sarma\.m2\repository\com\atlassian\oai\swagger-request-validator-mockmvc\2.2.2\swagger-request-validator-mockmvc-2.2.2.jar;C:\Users\simanta.sarma\.m2\repository\com\atlassian\oai\swagger-request-validator-springmvc\2.2.2\swagger-request-validator-springmvc-2.2.2.jar;"/>
    <property name="java.vm.vendor" value="Oracle Corporation"/>
    <property name="sun.arch.data.model" value="64"/>
    <property name="user.variant" value=""/>
    <property name="java.vendor.url" value="http://java.oracle.com/"/>
    <property name="user.timezone" value="Asia/Calcutta"/>
    <property name="java.vm.specification.version" value="11"/>
    <property name="os.name" value="Windows 10"/>
    <property name="sun.java.launcher" value="SUN_STANDARD"/>
    <property name="user.country" value="IN"/>
    <property name="sun.boot.library.path" value="D:\jdk-11.0.1\bin"/>
    <property name="sun.java.command" value="C:\Users\SIMANT~1.SAR\AppData\Local\Temp\surefire9622960623174822818\surefirebooter3376141738151083233.jar C:\Users\simanta.sarma\AppData\Local\Temp\surefire9622960623174822818 2019-03-23T17-25-53_591-jvmRun1 surefire3984124620004855668tmp surefire_01050778661667478908tmp"/>
    <property name="jdk.debug" value="release"/>
    <property name="surefire.test.class.path" value="D:\sfg-beer-work\sfg-beer-works\brewery\brewery-api-model\target\test-classes;D:\sfg-beer-work\sfg-beer-works\brewery\brewery-api-model\target\classes;C:\Users\simanta.sarma\.m2\repository\org\springframework\data\spring-data-commons\2.1.5.RELEASE\spring-data-commons-2.1.5.RELEASE.jar;C:\Users\simanta.sarma\.m2\repository\org\springframework\spring-core\5.1.5.RELEASE\spring-core-5.1.5.RELEASE.jar;C:\Users\simanta.sarma\.m2\repository\org\springframework\spring-jcl\5.1.5.RELEASE\spring-jcl-5.1.5.RELEASE.jar;C:\Users\simanta.sarma\.m2\repository\org\springframework\spring-beans\5.1.5.RELEASE\spring-beans-5.1.5.RELEASE.jar;C:\Users\simanta.sarma\.m2\repository\org\slf4j\slf4j-api\1.7.25\slf4j-api-1.7.25.jar;C:\Users\simanta.sarma\.m2\repository\javax\validation\validation-api\2.0.1.Final\validation-api-2.0.1.Final.jar;C:\Users\simanta.sarma\.m2\repository\com\fasterxml\jackson\core\jackson-annotations\2.9.8\jackson-annotations-2.9.8.jar;C:\Users\simanta.sarma\.m2\repository\org\projectlombok\lombok\1.18.6\lombok-1.18.6.jar;C:\Users\simanta.sarma\.m2\repository\javax\xml\bind\jaxb-api\2.3.0\jaxb-api-2.3.0.jar;C:\Users\simanta.sarma\.m2\repository\com\sun\xml\bind\jaxb-core\2.3.0\jaxb-core-2.3.0.jar;C:\Users\simanta.sarma\.m2\repository\com\sun\xml\bind\jaxb-impl\2.3.0\jaxb-impl-2.3.0.jar;C:\Users\simanta.sarma\.m2\repository\org\springframework\boot\spring-boot-starter-json\2.1.3.RELEASE\spring-boot-starter-json-2.1.3.RELEASE.jar;C:\Users\simanta.sarma\.m2\repository\org\springframework\boot\spring-boot-starter\2.1.3.RELEASE\spring-boot-starter-2.1.3.RELEASE.jar;C:\Users\simanta.sarma\.m2\repository\org\springframework\boot\spring-boot\2.1.3.RELEASE\spring-boot-2.1.3.RELEASE.jar;C:\Users\simanta.sarma\.m2\repository\org\springframework\spring-context\5.1.5.RELEASE\spring-context-5.1.5.RELEASE.jar;C:\Users\simanta.sarma\.m2\repository\org\springframework\spring-aop\5.1.5.RELEASE\spring-aop-5.1.5.RELEASE.jar;C:\Users\simanta.sarma\.m2\repository\org\springframework\spring-expression\5.1.5.RELEASE\spring-expression-5.1.5.RELEASE.jar;C:\Users\simanta.sarma\.m2\repository\org\springframework\boot\spring-boot-autoconfigure\2.1.3.RELEASE\spring-boot-autoconfigure-2.1.3.RELEASE.jar;C:\Users\simanta.sarma\.m2\repository\org\springframework\boot\spring-boot-starter-logging\2.1.3.RELEASE\spring-boot-starter-logging-2.1.3.RELEASE.jar;C:\Users\simanta.sarma\.m2\repository\ch\qos\logback\logback-classic\1.2.3\logback-classic-1.2.3.jar;C:\Users\simanta.sarma\.m2\repository\ch\qos\logback\logback-core\1.2.3\logback-core-1.2.3.jar;C:\Users\simanta.sarma\.m2\repository\org\apache\logging\log4j\log4j-to-slf4j\2.11.2\log4j-to-slf4j-2.11.2.jar;C:\Users\simanta.sarma\.m2\repository\org\apache\logging\log4j\log4j-api\2.11.2\log4j-api-2.11.2.jar;C:\Users\simanta.sarma\.m2\repository\org\slf4j\jul-to-slf4j\1.7.25\jul-to-slf4j-1.7.25.jar;C:\Users\simanta.sarma\.m2\repository\javax\annotation\javax.annotation-api\1.3.2\javax.annotation-api-1.3.2.jar;C:\Users\simanta.sarma\.m2\repository\org\yaml\snakeyaml\1.23\snakeyaml-1.23.jar;C:\Users\simanta.sarma\.m2\repository\org\springframework\spring-web\5.1.5.RELEASE\spring-web-5.1.5.RELEASE.jar;C:\Users\simanta.sarma\.m2\repository\com\fasterxml\jackson\core\jackson-databind\2.9.8\jackson-databind-2.9.8.jar;C:\Users\simanta.sarma\.m2\repository\com\fasterxml\jackson\core\jackson-core\2.9.8\jackson-core-2.9.8.jar;C:\Users\simanta.sarma\.m2\repository\com\fasterxml\jackson\datatype\jackson-datatype-jdk8\2.9.8\jackson-datatype-jdk8-2.9.8.jar;C:\Users\simanta.sarma\.m2\repository\com\fasterxml\jackson\datatype\jackson-datatype-jsr310\2.9.8\jackson-datatype-jsr310-2.9.8.jar;C:\Users\simanta.sarma\.m2\repository\com\fasterxml\jackson\module\jackson-module-parameter-names\2.9.8\jackson-module-parameter-names-2.9.8.jar;C:\Users\simanta.sarma\.m2\repository\org\springframework\boot\spring-boot-starter-test\2.1.3.RELEASE\spring-boot-starter-test-2.1.3.RELEASE.jar;C:\Users\simanta.sarma\.m2\repository\org\springframework\boot\spring-boot-test\2.1.3.RELEASE\spring-boot-test-2.1.3.RELEASE.jar;C:\Users\simanta.sarma\.m2\repository\org\springframework\boot\spring-boot-test-autoconfigure\2.1.3.RELEASE\spring-boot-test-autoconfigure-2.1.3.RELEASE.jar;C:\Users\simanta.sarma\.m2\repository\com\jayway\jsonpath\json-path\2.4.0\json-path-2.4.0.jar;C:\Users\simanta.sarma\.m2\repository\net\minidev\json-smart\2.3\json-smart-2.3.jar;C:\Users\simanta.sarma\.m2\repository\net\minidev\accessors-smart\1.2\accessors-smart-1.2.jar;C:\Users\simanta.sarma\.m2\repository\org\ow2\asm\asm\5.0.4\asm-5.0.4.jar;C:\Users\simanta.sarma\.m2\repository\org\assertj\assertj-core\3.11.1\assertj-core-3.11.1.jar;C:\Users\simanta.sarma\.m2\repository\org\mockito\mockito-core\2.23.4\mockito-core-2.23.4.jar;C:\Users\simanta.sarma\.m2\repository\net\bytebuddy\byte-buddy\1.9.10\byte-buddy-1.9.10.jar;C:\Users\simanta.sarma\.m2\repository\net\bytebuddy\byte-buddy-agent\1.9.10\byte-buddy-agent-1.9.10.jar;C:\Users\simanta.sarma\.m2\repository\org\objenesis\objenesis\2.6\objenesis-2.6.jar;C:\Users\simanta.sarma\.m2\repository\org\hamcrest\hamcrest-core\1.3\hamcrest-core-1.3.jar;C:\Users\simanta.sarma\.m2\repository\org\hamcrest\hamcrest-library\1.3\hamcrest-library-1.3.jar;C:\Users\simanta.sarma\.m2\repository\org\skyscreamer\jsonassert\1.5.0\jsonassert-1.5.0.jar;C:\Users\simanta.sarma\.m2\repository\com\vaadin\external\google\android-json\0.0.20131108.vaadin1\android-json-0.0.20131108.vaadin1.jar;C:\Users\simanta.sarma\.m2\repository\org\springframework\spring-test\5.1.5.RELEASE\spring-test-5.1.5.RELEASE.jar;C:\Users\simanta.sarma\.m2\repository\org\xmlunit\xmlunit-core\2.6.2\xmlunit-core-2.6.2.jar;C:\Users\simanta.sarma\.m2\repository\org\junit\jupiter\junit-jupiter-api\5.3.2\junit-jupiter-api-5.3.2.jar;C:\Users\simanta.sarma\.m2\repository\org\apiguardian\apiguardian-api\1.0.0\apiguardian-api-1.0.0.jar;C:\Users\simanta.sarma\.m2\repository\org\opentest4j\opentest4j\1.1.1\opentest4j-1.1.1.jar;C:\Users\simanta.sarma\.m2\repository\org\junit\platform\junit-platform-commons\1.3.2\junit-platform-commons-1.3.2.jar;C:\Users\simanta.sarma\.m2\repository\org\junit\jupiter\junit-jupiter-engine\5.3.2\junit-jupiter-engine-5.3.2.jar;C:\Users\simanta.sarma\.m2\repository\org\junit\platform\junit-platform-engine\1.3.2\junit-platform-engine-1.3.2.jar;C:\Users\simanta.sarma\.m2\repository\org\mockito\mockito-junit-jupiter\2.23.4\mockito-junit-jupiter-2.23.4.jar;C:\Users\simanta.sarma\.m2\repository\com\atlassian\oai\swagger-request-validator-core\2.2.2\swagger-request-validator-core-2.2.2.jar;C:\Users\simanta.sarma\.m2\repository\io\swagger\parser\v3\swagger-parser\2.0.5\swagger-parser-2.0.5.jar;C:\Users\simanta.sarma\.m2\repository\io\swagger\parser\v3\swagger-parser-v2-converter\2.0.5\swagger-parser-v2-converter-2.0.5.jar;C:\Users\simanta.sarma\.m2\repository\io\swagger\swagger-parser\1.0.39\swagger-parser-1.0.39.jar;C:\Users\simanta.sarma\.m2\repository\io\swagger\swagger-core\1.5.21\swagger-core-1.5.21.jar;C:\Users\simanta.sarma\.m2\repository\io\swagger\swagger-models\1.5.21\swagger-models-1.5.21.jar;C:\Users\simanta.sarma\.m2\repository\io\swagger\swagger-annotations\1.5.21\swagger-annotations-1.5.21.jar;C:\Users\simanta.sarma\.m2\repository\io\swagger\swagger-compat-spec-parser\1.0.39\swagger-compat-spec-parser-1.0.39.jar;C:\Users\simanta.sarma\.m2\repository\com\github\fge\json-patch\1.6\json-patch-1.6.jar;C:\Users\simanta.sarma\.m2\repository\org\apache\httpcomponents\httpclient\4.5.7\httpclient-4.5.7.jar;C:\Users\simanta.sarma\.m2\repository\org\apache\httpcomponents\httpcore\4.4.11\httpcore-4.4.11.jar;C:\Users\simanta.sarma\.m2\repository\commons-codec\commons-codec\1.11\commons-codec-1.11.jar;C:\Users\simanta.sarma\.m2\repository\io\swagger\core\v3\swagger-models\2.0.4\swagger-models-2.0.4.jar;C:\Users\simanta.sarma\.m2\repository\io\swagger\parser\v3\swagger-parser-core\2.0.5\swagger-parser-core-2.0.5.jar;C:\Users\simanta.sarma\.m2\repository\io\swagger\parser\v3\swagger-parser-v3\2.0.5\swagger-parser-v3-2.0.5.jar;C:\Users\simanta.sarma\.m2\repository\io\swagger\core\v3\swagger-core\2.0.5\swagger-core-2.0.5.jar;C:\Users\simanta.sarma\.m2\repository\org\apache\commons\commons-lang3\3.8.1\commons-lang3-3.8.1.jar;C:\Users\simanta.sarma\.m2\repository\io\swagger\core\v3\swagger-annotations\2.0.5\swagger-annotations-2.0.5.jar;C:\Users\simanta.sarma\.m2\repository\com\fasterxml\jackson\dataformat\jackson-dataformat-yaml\2.9.8\jackson-dataformat-yaml-2.9.8.jar;C:\Users\simanta.sarma\.m2\repository\org\slf4j\slf4j-ext\1.7.25\slf4j-ext-1.7.25.jar;C:\Users\simanta.sarma\.m2\repository\commons-io\commons-io\2.4\commons-io-2.4.jar;C:\Users\simanta.sarma\.m2\repository\com\github\java-json-tools\json-schema-validator\2.2.8\json-schema-validator-2.2.8.jar;C:\Users\simanta.sarma\.m2\repository\com\github\java-json-tools\json-schema-core\1.2.8\json-schema-core-1.2.8.jar;C:\Users\simanta.sarma\.m2\repository\org\mozilla\rhino\1.7R4\rhino-1.7R4.jar;C:\Users\simanta.sarma\.m2\repository\com\github\fge\jackson-coreutils\1.8\jackson-coreutils-1.8.jar;C:\Users\simanta.sarma\.m2\repository\com\github\fge\msg-simple\1.1\msg-simple-1.1.jar;C:\Users\simanta.sarma\.m2\repository\com\github\fge\btf\1.2\btf-1.2.jar;C:\Users\simanta.sarma\.m2\repository\com\github\fge\uri-template\0.9\uri-template-0.9.jar;C:\Users\simanta.sarma\.m2\repository\javax\mail\mailapi\1.4.3\mailapi-1.4.3.jar;C:\Users\simanta.sarma\.m2\repository\javax\activation\activation\1.1\activation-1.1.jar;C:\Users\simanta.sarma\.m2\repository\joda-time\joda-time\2.10.1\joda-time-2.10.1.jar;C:\Users\simanta.sarma\.m2\repository\com\googlecode\libphonenumber\libphonenumber\8.0.0\libphonenumber-8.0.0.jar;C:\Users\simanta.sarma\.m2\repository\net\sf\jopt-simple\jopt-simple\5.0.3\jopt-simple-5.0.3.jar;C:\Users\simanta.sarma\.m2\repository\com\google\guava\guava\23.0\guava-23.0.jar;C:\Users\simanta.sarma\.m2\repository\com\google\errorprone\error_prone_annotations\2.0.18\error_prone_annotations-2.0.18.jar;C:\Users\simanta.sarma\.m2\repository\com\google\j2objc\j2objc-annotations\1.1\j2objc-annotations-1.1.jar;C:\Users\simanta.sarma\.m2\repository\org\codehaus\mojo\animal-sniffer-annotations\1.14\animal-sniffer-annotations-1.14.jar;C:\Users\simanta.sarma\.m2\repository\com\google\code\findbugs\jsr305\3.0.2\jsr305-3.0.2.jar;C:\Users\simanta.sarma\.m2\repository\com\atlassian\oai\swagger-request-validator-mockmvc\2.2.2\swagger-request-validator-mockmvc-2.2.2.jar;C:\Users\simanta.sarma\.m2\repository\com\atlassian\oai\swagger-request-validator-springmvc\2.2.2\swagger-request-validator-springmvc-2.2.2.jar;"/>
    <property name="sun.cpu.endian" value="little"/>
    <property name="user.home" value="C:\Users\simanta.sarma"/>
    <property name="user.language" value="en"/>
    <property name="java.specification.vendor" value="Oracle Corporation"/>
    <property name="java.version.date" value="2018-10-16"/>
    <property name="java.home" value="D:\jdk-11.0.1"/>
    <property name="file.separator" value="\"/>
    <property name="basedir" value="D:\sfg-beer-work\sfg-beer-works\brewery\brewery-api-model"/>
    <property name="java.vm.compressedOopsMode" value="Zero based"/>
    <property name="line.separator" value="&#10;"/>
    <property name="java.specification.name" value="Java Platform API Specification"/>
    <property name="java.vm.specification.vendor" value="Oracle Corporation"/>
    <property name="java.awt.graphicsenv" value="sun.awt.Win32GraphicsEnvironment"/>
    <property name="surefire.real.class.path" value="C:\Users\SIMANT~1.SAR\AppData\Local\Temp\surefire9622960623174822818\surefirebooter3376141738151083233.jar"/>
    <property name="user.script" value=""/>
    <property name="sun.management.compiler" value="HotSpot 64-Bit Tiered Compilers"/>
    <property name="java.runtime.version" value="11.0.1+13-LTS"/>
    <property name="user.name" value="Simanta.Sarma"/>
    <property name="path.separator" value=";"/>
    <property name="os.version" value="10.0"/>
    <property name="java.runtime.name" value="Java(TM) SE Runtime Environment"/>
    <property name="file.encoding" value="Cp1252"/>
    <property name="java.vm.name" value="Java HotSpot(TM) 64-Bit Server VM"/>
    <property name="java.vendor.version" value="18.9"/>
    <property name="localRepository" value="C:\Users\simanta.sarma\.m2\repository"/>
    <property name="java.vendor.url.bug" value="http://bugreport.java.com/bugreport/"/>
    <property name="java.io.tmpdir" value="C:\Users\SIMANT~1.SAR\AppData\Local\Temp\"/>
    <property name="java.version" value="11.0.1"/>
    <property name="user.dir" value="D:\sfg-beer-work\sfg-beer-works\brewery\brewery-api-model"/>
    <property name="os.arch" value="amd64"/>
    <property name="java.vm.specification.name" value="Java Virtual Machine Specification"/>
    <property name="java.awt.printerjob" value="sun.awt.windows.WPrinterJob"/>
    <property name="sun.os.patch.level" value=""/>
    <property name="java.library.path" value="D:\jdk-11.0.1\bin;C:\Windows\Sun\Java\bin;C:\Windows\system32;C:\Windows;C:\Windows\system32;C:\Windows;C:\Windows\System32\Wbem;C:\Windows\System32\WindowsPowerShell\v1.0\;C:\Program Files\MongoDB\Server\3.2\bin;C:\Program Files\nodejs\;C:\Program Files\Cloud Foundry;C:\Program Files\PuTTY\;C:\Program Files\Intel\WiFi\bin\;C:\Program Files\Common Files\Intel\WirelessCommon\;C:\Windows\system32;C:\Windows;C:\Windows\System32\Wbem;C:\Windows\System32\WindowsPowerShell\v1.0\;C:\Program Files (x86)\jZip;C:\Program Files\Docker Toolbox;C:\Program Files (x86)\JetBrains\IntelliJ IDEA Community Edition 2016.3\plugins\maven\lib\maven3\bin;C:\Program Files (x86)\Microsoft VS Code\bin;C:\Users\simanta.sarma\AppData\Roaming\npm;C:\Program Files\Git\bin;D:\jdk-11.0.1\bin;D:\apache-maven-3.6.0\bin;C:\Users\simanta.sarma\AppData\Local\JetBrains\IntelliJ IDEA Community Edition 2018.3.2\bin;;C:\Program Files\MariaDB 10.2\bin;C:\apache-tomcat-7.0.82\bin;D:\software\gradle-5.1.1;C:\Program Files\JetBrains\IntelliJUltimate\IntelliJ IDEA 2018.3.5\bin;;."/>
    <property name="java.vendor" value="Oracle Corporation"/>
    <property name="java.vm.info" value="mixed mode"/>
    <property name="java.vm.version" value="11.0.1+13-LTS"/>
    <property name="sun.io.unicode.encoding" value="UnicodeLittle"/>
    <property name="java.class.version" value="55.0"/>
  </properties>
  <testcase name="testBeerPage" classname="guru.sfg.brewery.web.model.BeerDtoPagedListTest" time="0.898"/>
</testsuite>